2022-04-01 17:04:751 INFO  EligibilityChecker :94 - clicking on sign in button : [[ChromeDriver: chrome on WINDOWS (8646972ba620a8b61965982016371455)] -> xpath: //input[@id='next-button']]
2022-04-01 17:04:961 INFO  EligibilityChecker :98 - clicking on sign in button : [[ChromeDriver: chrome on WINDOWS (8646972ba620a8b61965982016371455)] -> xpath: //input[@id='radio-wales']]
2022-04-01 17:04:18 INFO  EligibilityChecker :102 - clicking on sign in button : [[ChromeDriver: chrome on WINDOWS (8646972ba620a8b61965982016371455)] -> xpath: //input[@id='next-button']]
2022-04-01 17:04:216 INFO  EligibilityChecker :106 - clicking on sign in button : [[ChromeDriver: chrome on WINDOWS (8646972ba620a8b61965982016371455)] -> xpath: //input[@id='radio-yes']]
2022-04-01 17:04:281 INFO  EligibilityChecker :110 - clicking on sign in button : [[ChromeDriver: chrome on WINDOWS (8646972ba620a8b61965982016371455)] -> xpath: //input[@id='next-button']]
2022-04-01 17:04:513 INFO  EligibilityChecker :114 - clicking on sign in button : [[ChromeDriver: chrome on WINDOWS (8646972ba620a8b61965982016371455)] -> xpath: //input[@id='radio-wales']]
2022-04-01 17:04:558 INFO  EligibilityChecker :118 - clicking on sign in button : [[ChromeDriver: chrome on WINDOWS (8646972ba620a8b61965982016371455)] -> xpath: //input[@id='next-button']]
2022-04-01 17:04:792 INFO  EligibilityChecker :122 - clicking on sign in button : [[ChromeDriver: chrome on WINDOWS (8646972ba620a8b61965982016371455)] -> xpath: //input[@id='dob-day']]
2022-04-01 17:04:872 INFO  EligibilityChecker :126 - clicking on sign in button : [[ChromeDriver: chrome on WINDOWS (8646972ba620a8b61965982016371455)] -> xpath: //input[@id='dob-month']]
2022-04-01 17:04:934 INFO  EligibilityChecker :130 - clicking on sign in button : [[ChromeDriver: chrome on WINDOWS (8646972ba620a8b61965982016371455)] -> xpath: //input[@id='dob-year']]
2022-04-01 17:04:994 INFO  EligibilityChecker :134 - clicking on sign in button : [[ChromeDriver: chrome on WINDOWS (8646972ba620a8b61965982016371455)] -> xpath: //input[@id='next-button']]
2022-04-01 17:04:214 INFO  EligibilityChecker :138 - clicking on sign in button : [[ChromeDriver: chrome on WINDOWS (8646972ba620a8b61965982016371455)] -> xpath: //input[@id='radio-yes']]
2022-04-01 17:04:260 INFO  EligibilityChecker :142 - clicking on sign in button : [[ChromeDriver: chrome on WINDOWS (8646972ba620a8b61965982016371455)] -> xpath: //input[@id='next-button']]
2022-04-01 17:04:793 INFO  EligibilityChecker :146 - clicking on sign in button : [[ChromeDriver: chrome on WINDOWS (8646972ba620a8b61965982016371455)] -> xpath: //input[@id='radio-no']]
2022-04-01 17:04:879 INFO  EligibilityChecker :150 - clicking on sign in button : [[ChromeDriver: chrome on WINDOWS (8646972ba620a8b61965982016371455)] -> xpath: //input[@id='next-button']]
2022-04-01 17:04:89 INFO  EligibilityChecker :154 - clicking on sign in button : [[ChromeDriver: chrome on WINDOWS (8646972ba620a8b61965982016371455)] -> xpath: //input[@id='radio-no']]
2022-04-01 17:04:150 INFO  EligibilityChecker :158 - clicking on sign in button : [[ChromeDriver: chrome on WINDOWS (8646972ba620a8b61965982016371455)] -> xpath: //input[@id='next-button']]
2022-04-01 17:04:404 INFO  EligibilityChecker :162 - clicking on sign in button : [[ChromeDriver: chrome on WINDOWS (8646972ba620a8b61965982016371455)] -> xpath: //input[@id='radio-no']]
2022-04-01 17:04:462 INFO  EligibilityChecker :166 - clicking on sign in button : [[ChromeDriver: chrome on WINDOWS (8646972ba620a8b61965982016371455)] -> xpath: //input[@id='next-button']]
2022-04-01 17:04:677 INFO  EligibilityChecker :170 - clicking on sign in button : [[ChromeDriver: chrome on WINDOWS (8646972ba620a8b61965982016371455)] -> xpath: //input[@id='radio-no']]
2022-04-01 17:04:749 INFO  EligibilityChecker :174 - clicking on sign in button : [[ChromeDriver: chrome on WINDOWS (8646972ba620a8b61965982016371455)] -> xpath: //input[@id='next-button']]
2022-04-01 17:04:950 INFO  EligibilityChecker :178 - clicking on sign in button : [[ChromeDriver: chrome on WINDOWS (8646972ba620a8b61965982016371455)] -> xpath: //input[@id='radio-no']]
2022-04-01 17:04:11 INFO  EligibilityChecker :182 - clicking on sign in button : [[ChromeDriver: chrome on WINDOWS (8646972ba620a8b61965982016371455)] -> xpath: //input[@id='next-button']]
2022-04-01 17:04:278 INFO  EligibilityChecker :186 - Verify register Text:  displayed on register page [[ChromeDriver: chrome on WINDOWS (8646972ba620a8b61965982016371455)] -> xpath: //h1[@id='result-heading']]
2022-04-01 17:04:844 INFO  EligibilityChecker :94 - clicking on sign in button : [[ChromeDriver: chrome on WINDOWS (fe3f20c60a640fa82b2d10fa23ac823c)] -> xpath: //input[@id='next-button']]
2022-04-01 17:04:120 INFO  EligibilityChecker :98 - clicking on sign in button : [[ChromeDriver: chrome on WINDOWS (fe3f20c60a640fa82b2d10fa23ac823c)] -> xpath: //input[@id='radio-wales']]
2022-04-01 17:04:166 INFO  EligibilityChecker :102 - clicking on sign in button : [[ChromeDriver: chrome on WINDOWS (fe3f20c60a640fa82b2d10fa23ac823c)] -> xpath: //input[@id='next-button']]
2022-04-01 17:04:387 INFO  EligibilityChecker :106 - clicking on sign in button : [[ChromeDriver: chrome on WINDOWS (fe3f20c60a640fa82b2d10fa23ac823c)] -> xpath: //input[@id='radio-yes']]
2022-04-01 17:04:443 INFO  EligibilityChecker :110 - clicking on sign in button : [[ChromeDriver: chrome on WINDOWS (fe3f20c60a640fa82b2d10fa23ac823c)] -> xpath: //input[@id='next-button']]
2022-04-01 17:04:684 INFO  EligibilityChecker :114 - clicking on sign in button : [[ChromeDriver: chrome on WINDOWS (fe3f20c60a640fa82b2d10fa23ac823c)] -> xpath: //input[@id='radio-wales']]
2022-04-01 17:04:732 INFO  EligibilityChecker :118 - clicking on sign in button : [[ChromeDriver: chrome on WINDOWS (fe3f20c60a640fa82b2d10fa23ac823c)] -> xpath: //input[@id='next-button']]
2022-04-01 17:04:967 INFO  EligibilityChecker :122 - clicking on sign in button : [[ChromeDriver: chrome on WINDOWS (fe3f20c60a640fa82b2d10fa23ac823c)] -> xpath: //input[@id='dob-day']]
2022-04-01 17:04:54 INFO  EligibilityChecker :126 - clicking on sign in button : [[ChromeDriver: chrome on WINDOWS (fe3f20c60a640fa82b2d10fa23ac823c)] -> xpath: //input[@id='dob-month']]
2022-04-01 17:04:119 INFO  EligibilityChecker :130 - clicking on sign in button : [[ChromeDriver: chrome on WINDOWS (fe3f20c60a640fa82b2d10fa23ac823c)] -> xpath: //input[@id='dob-year']]
2022-04-01 17:04:176 INFO  EligibilityChecker :134 - clicking on sign in button : [[ChromeDriver: chrome on WINDOWS (fe3f20c60a640fa82b2d10fa23ac823c)] -> xpath: //input[@id='next-button']]
2022-04-01 17:04:383 INFO  EligibilityChecker :138 - clicking on sign in button : [[ChromeDriver: chrome on WINDOWS (fe3f20c60a640fa82b2d10fa23ac823c)] -> xpath: //input[@id='radio-yes']]
2022-04-01 17:04:425 INFO  EligibilityChecker :142 - clicking on sign in button : [[ChromeDriver: chrome on WINDOWS (fe3f20c60a640fa82b2d10fa23ac823c)] -> xpath: //input[@id='next-button']]
2022-04-01 17:04:96 INFO  EligibilityChecker :146 - clicking on sign in button : [[ChromeDriver: chrome on WINDOWS (fe3f20c60a640fa82b2d10fa23ac823c)] -> xpath: //input[@id='radio-no']]
2022-04-01 17:04:149 INFO  EligibilityChecker :150 - clicking on sign in button : [[ChromeDriver: chrome on WINDOWS (fe3f20c60a640fa82b2d10fa23ac823c)] -> xpath: //input[@id='next-button']]
2022-04-01 17:04:384 INFO  EligibilityChecker :154 - clicking on sign in button : [[ChromeDriver: chrome on WINDOWS (fe3f20c60a640fa82b2d10fa23ac823c)] -> xpath: //input[@id='radio-no']]
2022-04-01 17:04:429 INFO  EligibilityChecker :158 - clicking on sign in button : [[ChromeDriver: chrome on WINDOWS (fe3f20c60a640fa82b2d10fa23ac823c)] -> xpath: //input[@id='next-button']]
2022-04-01 17:04:637 INFO  EligibilityChecker :162 - clicking on sign in button : [[ChromeDriver: chrome on WINDOWS (fe3f20c60a640fa82b2d10fa23ac823c)] -> xpath: //input[@id='radio-no']]
2022-04-01 17:04:683 INFO  EligibilityChecker :166 - clicking on sign in button : [[ChromeDriver: chrome on WINDOWS (fe3f20c60a640fa82b2d10fa23ac823c)] -> xpath: //input[@id='next-button']]
2022-04-01 17:04:919 INFO  EligibilityChecker :170 - clicking on sign in button : [[ChromeDriver: chrome on WINDOWS (fe3f20c60a640fa82b2d10fa23ac823c)] -> xpath: //input[@id='radio-no']]
2022-04-01 17:04:991 INFO  EligibilityChecker :174 - clicking on sign in button : [[ChromeDriver: chrome on WINDOWS (fe3f20c60a640fa82b2d10fa23ac823c)] -> xpath: //input[@id='next-button']]
2022-04-01 17:04:197 INFO  EligibilityChecker :178 - clicking on sign in button : [[ChromeDriver: chrome on WINDOWS (fe3f20c60a640fa82b2d10fa23ac823c)] -> xpath: //input[@id='radio-no']]
2022-04-01 17:04:240 INFO  EligibilityChecker :182 - clicking on sign in button : [[ChromeDriver: chrome on WINDOWS (fe3f20c60a640fa82b2d10fa23ac823c)] -> xpath: //input[@id='next-button']]
2022-04-01 17:04:438 INFO  EligibilityChecker :186 - Verify register Text:  displayed on register page [[ChromeDriver: chrome on WINDOWS (fe3f20c60a640fa82b2d10fa23ac823c)] -> xpath: //h1[@id='result-heading']]
2022-04-01 17:04:43 INFO  EligibilityChecker :94 - clicking on sign in button : [[ChromeDriver: chrome on WINDOWS (2b52cf77e208fc7445527e554129789e)] -> xpath: //input[@id='next-button']]
2022-04-01 17:04:313 INFO  EligibilityChecker :98 - clicking on sign in button : [[ChromeDriver: chrome on WINDOWS (2b52cf77e208fc7445527e554129789e)] -> xpath: //input[@id='radio-wales']]
2022-04-01 17:04:364 INFO  EligibilityChecker :102 - clicking on sign in button : [[ChromeDriver: chrome on WINDOWS (2b52cf77e208fc7445527e554129789e)] -> xpath: //input[@id='next-button']]
2022-04-01 17:04:611 INFO  EligibilityChecker :106 - clicking on sign in button : [[ChromeDriver: chrome on WINDOWS (2b52cf77e208fc7445527e554129789e)] -> xpath: //input[@id='radio-yes']]
2022-04-01 17:04:663 INFO  EligibilityChecker :110 - clicking on sign in button : [[ChromeDriver: chrome on WINDOWS (2b52cf77e208fc7445527e554129789e)] -> xpath: //input[@id='next-button']]
2022-04-01 17:04:906 INFO  EligibilityChecker :114 - clicking on sign in button : [[ChromeDriver: chrome on WINDOWS (2b52cf77e208fc7445527e554129789e)] -> xpath: //input[@id='radio-wales']]
2022-04-01 17:04:953 INFO  EligibilityChecker :118 - clicking on sign in button : [[ChromeDriver: chrome on WINDOWS (2b52cf77e208fc7445527e554129789e)] -> xpath: //input[@id='next-button']]
2022-04-01 17:04:139 INFO  EligibilityChecker :122 - clicking on sign in button : [[ChromeDriver: chrome on WINDOWS (2b52cf77e208fc7445527e554129789e)] -> xpath: //input[@id='dob-day']]
2022-04-01 17:04:212 INFO  EligibilityChecker :126 - clicking on sign in button : [[ChromeDriver: chrome on WINDOWS (2b52cf77e208fc7445527e554129789e)] -> xpath: //input[@id='dob-month']]
2022-04-01 17:04:271 INFO  EligibilityChecker :130 - clicking on sign in button : [[ChromeDriver: chrome on WINDOWS (2b52cf77e208fc7445527e554129789e)] -> xpath: //input[@id='dob-year']]
2022-04-01 17:04:337 INFO  EligibilityChecker :134 - clicking on sign in button : [[ChromeDriver: chrome on WINDOWS (2b52cf77e208fc7445527e554129789e)] -> xpath: //input[@id='next-button']]
2022-04-01 17:04:523 INFO  EligibilityChecker :138 - clicking on sign in button : [[ChromeDriver: chrome on WINDOWS (2b52cf77e208fc7445527e554129789e)] -> xpath: //input[@id='radio-yes']]
2022-04-01 17:04:566 INFO  EligibilityChecker :142 - clicking on sign in button : [[ChromeDriver: chrome on WINDOWS (2b52cf77e208fc7445527e554129789e)] -> xpath: //input[@id='next-button']]
2022-04-01 17:04:688 INFO  EligibilityChecker :146 - clicking on sign in button : [[ChromeDriver: chrome on WINDOWS (2b52cf77e208fc7445527e554129789e)] -> xpath: //input[@id='radio-no']]
2022-04-01 17:04:758 INFO  EligibilityChecker :150 - clicking on sign in button : [[ChromeDriver: chrome on WINDOWS (2b52cf77e208fc7445527e554129789e)] -> xpath: //input[@id='next-button']]
2022-04-01 17:04:984 INFO  EligibilityChecker :154 - clicking on sign in button : [[ChromeDriver: chrome on WINDOWS (2b52cf77e208fc7445527e554129789e)] -> xpath: //input[@id='radio-no']]
2022-04-01 17:04:27 INFO  EligibilityChecker :158 - clicking on sign in button : [[ChromeDriver: chrome on WINDOWS (2b52cf77e208fc7445527e554129789e)] -> xpath: //input[@id='next-button']]
2022-04-01 17:04:220 INFO  EligibilityChecker :162 - clicking on sign in button : [[ChromeDriver: chrome on WINDOWS (2b52cf77e208fc7445527e554129789e)] -> xpath: //input[@id='radio-no']]
2022-04-01 17:04:267 INFO  EligibilityChecker :166 - clicking on sign in button : [[ChromeDriver: chrome on WINDOWS (2b52cf77e208fc7445527e554129789e)] -> xpath: //input[@id='next-button']]
2022-04-01 17:04:527 INFO  EligibilityChecker :170 - clicking on sign in button : [[ChromeDriver: chrome on WINDOWS (2b52cf77e208fc7445527e554129789e)] -> xpath: //input[@id='radio-no']]
2022-04-01 17:04:579 INFO  EligibilityChecker :174 - clicking on sign in button : [[ChromeDriver: chrome on WINDOWS (2b52cf77e208fc7445527e554129789e)] -> xpath: //input[@id='next-button']]
2022-04-01 17:04:790 INFO  EligibilityChecker :178 - clicking on sign in button : [[ChromeDriver: chrome on WINDOWS (2b52cf77e208fc7445527e554129789e)] -> xpath: //input[@id='radio-no']]
2022-04-01 17:04:850 INFO  EligibilityChecker :182 - clicking on sign in button : [[ChromeDriver: chrome on WINDOWS (2b52cf77e208fc7445527e554129789e)] -> xpath: //input[@id='next-button']]
2022-04-01 17:04:93 INFO  EligibilityChecker :186 - Verify register Text:  displayed on register page [[ChromeDriver: chrome on WINDOWS (2b52cf77e208fc7445527e554129789e)] -> xpath: //h1[@id='result-heading']]
